<?xml version="1.0" encoding="UTF-8"?>
<!-- Generated by org.testng.reporters.JUnitReportReporter -->
<testsuite hostname="LAPTOP-EJF4IAO9" failures="0" tests="2" name="ddfDemos.DdfProdSearchTest" time="17.437" errors="0" timestamp="2023-03-01T16:07:02 IST" skipped="0">
  <testcase classname="ddfDemos.DdfProdSearchTest" name="catSearch" time="9.801"/>
  <system-out>
    <![CDATA['selenium' product search in 'Books' Category test is Successful...]]>
  </system-out>
  <testcase classname="ddfDemos.DdfProdSearchTest" name="catSearch" time="7.636"/>
  <system-out>
    <![CDATA['english' product search in 'Music' Category test is Successful...]]>
  </system-out>
</testsuite> <!-- ddfDemos.DdfProdSearchTest -->
