<?xml version="1.0" encoding="UTF-8"?>
<!-- Generated by org.testng.reporters.JUnitReportReporter -->
<testsuite hostname="LAPTOP-EJF4IAO9" failures="0" tests="2" name="ddfDemos.DdfProdCatSearch" time="16.336" errors="0" timestamp="2023-03-01T16:08:32 IST" skipped="0">
  <testcase classname="ddfDemos.DdfProdCatSearch" name="catSearch" time="7.818"/>
  <system-out>
    <![CDATA['english' product search in 'Music' Category test is Successful...]]>
  </system-out>
  <testcase classname="ddfDemos.DdfProdCatSearch" name="catSearch" time="8.518"/>
  <system-out>
    <![CDATA['selenium' product search in 'Books' Category test is Successful...]]>
  </system-out>
</testsuite> <!-- ddfDemos.DdfProdCatSearch -->
